<?xml version="1.0" encoding="UTF-8"?>
<beans xmlns="http://www.springframework.org/schema/beans"
	xmlns:xsi="http://www.w3.org/2001/XMLSchema-instance" xmlns:aop="http://www.springframework.org/schema/aop"
	xmlns:p="http://www.springframework.org/schema/p" xmlns:tx="http://www.springframework.org/schema/tx"
	xsi:schemaLocation="
			http://www.springframework.org/schema/beans http://www.springframework.org/schema/beans/spring-beans-2.5.xsd
			http://www.springframework.org/schema/aop http://www.springframework.org/schema/aop/spring-aop-2.5.xsd
			http://www.springframework.org/schema/tx http://www.springframework.org/schema/tx/spring-tx-2.5.xsd">

	<bean id="possDs" class="com.mchange.v2.c3p0.ComboPooledDataSource">
		<property name="driverClass">
			<value>oracle.jdbc.driver.OracleDriver</value>
		</property>
		<property name="jdbcUrl">
			<value>jdbc:oracle:thin:@192.168.200.63:1521:primary</value>
		</property>
		<property name="user">
			<value>intra</value>
		</property>
		<property name="password">
			<value>intra</value>
		</property>
		<property name="maxStatements">
			<value>0</value>
		</property>
		<property name="maxIdleTime">
			<value>0</value>
		</property>
		<property name="initialPoolSize">
			<value>2</value>
		</property>
		<property name="minPoolSize">
			<value>1</value>
		</property>
		<property name="maxPoolSize">
			<value>3</value>
		</property>
		<property name="autoCommitOnClose">
			<value>false</value>
		</property>
	</bean>


	<bean id="possTransactionManager"
		class="org.springframework.jdbc.datasource.DataSourceTransactionManager">
		<property name="dataSource">
			<ref bean="possDs" />
		</property>
	</bean>



</beans>
